This file contains any messages produced by compilers while
running configure, to aid debugging if configure makes a mistake.

It was created by MyClassProject configure 1.0, which was
generated by GNU Autoconf 2.69.  Invocation command line was

  $ ../configure 

## --------- ##
## Platform. ##
## --------- ##

hostname = DaveiMac
uname -m = x86_64
uname -r = 16.3.0
uname -s = Darwin
uname -v = Darwin Kernel Version 16.3.0: Thu Nov 17 20:23:58 PST 2016; root:xnu-3789.31.2~1/RELEASE_X86_64

/usr/bin/uname -p = i386
/bin/uname -X     = unknown

/bin/arch              = unknown
/usr/bin/arch -k       = unknown
/usr/convex/getsysinfo = unknown
/usr/bin/hostinfo      = Mach kernel version:
	 Darwin Kernel Version 16.3.0: Thu Nov 17 20:23:58 PST 2016; root:xnu-3789.31.2~1/RELEASE_X86_64
Kernel configured for up to 4 processors.
4 processors are physically available.
4 processors are logically available.
Processor type: x86_64h (Intel x86-64h Haswell)
Processors active: 0 1 2 3
Primary memory available: 24.00 gigabytes
Default processor set: 428 tasks, 1858 threads, 4 processors
Load average: 1.93, Mach factor: 2.09
/bin/machine           = unknown
/usr/bin/oslevel       = unknown
/bin/universe          = unknown

PATH: /Users/davew/anaconda3/bin
PATH: /usr/local/bin
PATH: /usr/bin
PATH: /bin
PATH: /usr/sbin
PATH: /sbin
PATH: /opt/X11/bin
PATH: /Library/TeX/texbin
PATH: /Users/davew/bin


## ----------- ##
## Core tests. ##
## ----------- ##

configure:1877: checking for a BSD-compatible install
configure:1945: result: /usr/bin/install -c
configure:1956: checking whether build environment is sane
configure:2011: result: yes
configure:2162: checking for a thread-safe mkdir -p
configure:2201: result: ../install-sh -c -d
configure:2208: checking for gawk
configure:2224: found /usr/local/bin/gawk
configure:2235: result: gawk
configure:2246: checking whether make sets $(MAKE)
configure:2268: result: yes
configure:2297: checking whether make supports nested variables
configure:2314: result: yes
configure:2488: checking for gcc
configure:2504: found /usr/bin/gcc
configure:2515: result: gcc
configure:2744: checking for C compiler version
configure:2753: gcc --version >&5
Apple LLVM version 8.0.0 (clang-800.0.42.1)
Target: x86_64-apple-darwin16.3.0
Thread model: posix
InstalledDir: /Library/Developer/CommandLineTools/usr/bin
Configured with: --prefix=/Library/Developer/CommandLineTools/usr --with-gxx-include-dir=/usr/include/c++/4.2.1
configure:2764: $? = 0
configure:2753: gcc -v >&5
Configured with: --prefix=/Library/Developer/CommandLineTools/usr --with-gxx-include-dir=/usr/include/c++/4.2.1
Apple LLVM version 8.0.0 (clang-800.0.42.1)
Target: x86_64-apple-darwin16.3.0
Thread model: posix
InstalledDir: /Library/Developer/CommandLineTools/usr/bin
configure:2764: $? = 0
configure:2753: gcc -V >&5
clang: error: argument to '-V' is missing (expected 1 value)
clang: error: no input files
configure:2764: $? = 1
configure:2753: gcc -qversion >&5
clang: error: unknown argument: '-qversion'
clang: error: no input files
configure:2764: $? = 1
configure:2784: checking whether the C compiler works
configure:2806: gcc    conftest.c  >&5
configure:2810: $? = 0
configure:2858: result: yes
configure:2861: checking for C compiler default output file name
configure:2863: result: a.out
configure:2869: checking for suffix of executables
configure:2876: gcc -o conftest    conftest.c  >&5
configure:2880: $? = 0
configure:2902: result: 
configure:2924: checking whether we are cross compiling
configure:2932: gcc -o conftest    conftest.c  >&5
configure:2936: $? = 0
configure:2943: ./conftest
configure:2947: $? = 0
configure:2962: result: no
configure:2967: checking for suffix of object files
configure:2989: gcc -c   conftest.c >&5
configure:2993: $? = 0
configure:3014: result: o
configure:3018: checking whether we are using the GNU C compiler
configure:3037: gcc -c   conftest.c >&5
configure:3037: $? = 0
configure:3046: result: yes
configure:3055: checking whether gcc accepts -g
configure:3075: gcc -c -g  conftest.c >&5
configure:3075: $? = 0
configure:3116: result: yes
configure:3133: checking for gcc option to accept ISO C89
configure:3196: gcc  -c -g -O2  conftest.c >&5
configure:3196: $? = 0
configure:3209: result: none needed
configure:3234: checking whether gcc understands -c and -o together
configure:3256: gcc -c conftest.c -o conftest2.o
configure:3259: $? = 0
configure:3256: gcc -c conftest.c -o conftest2.o
configure:3259: $? = 0
configure:3271: result: yes
configure:3299: checking for style of include used by make
configure:3327: result: GNU
configure:3353: checking dependency style of gcc
configure:3464: result: gcc3
configure:3537: checking for g++
configure:3553: found /usr/bin/g++
configure:3564: result: g++
configure:3591: checking for C++ compiler version
configure:3600: g++ --version >&5
Apple LLVM version 8.0.0 (clang-800.0.42.1)
Target: x86_64-apple-darwin16.3.0
Thread model: posix
InstalledDir: /Library/Developer/CommandLineTools/usr/bin
Configured with: --prefix=/Library/Developer/CommandLineTools/usr --with-gxx-include-dir=/usr/include/c++/4.2.1
configure:3611: $? = 0
configure:3600: g++ -v >&5
Configured with: --prefix=/Library/Developer/CommandLineTools/usr --with-gxx-include-dir=/usr/include/c++/4.2.1
Apple LLVM version 8.0.0 (clang-800.0.42.1)
Target: x86_64-apple-darwin16.3.0
Thread model: posix
InstalledDir: /Library/Developer/CommandLineTools/usr/bin
configure:3611: $? = 0
configure:3600: g++ -V >&5
clang: error: argument to '-V' is missing (expected 1 value)
clang: error: no input files
configure:3611: $? = 1
configure:3600: g++ -qversion >&5
clang: error: unknown argument: '-qversion'
clang: error: no input files
configure:3611: $? = 1
configure:3615: checking whether we are using the GNU C++ compiler
configure:3634: g++ -c   conftest.cpp >&5
configure:3634: $? = 0
configure:3643: result: yes
configure:3652: checking whether g++ accepts -g
configure:3672: g++ -c -g  conftest.cpp >&5
configure:3672: $? = 0
configure:3713: result: yes
configure:3738: checking dependency style of g++
configure:3849: result: gcc3
configure:4011: checking that generated files are newer than configure
configure:4017: result: done
configure:4044: creating ./config.status

## ---------------------- ##
## Running config.status. ##
## ---------------------- ##

This file was extended by MyClassProject config.status 1.0, which was
generated by GNU Autoconf 2.69.  Invocation command line was

  CONFIG_FILES    = 
  CONFIG_HEADERS  = 
  CONFIG_LINKS    = 
  CONFIG_COMMANDS = 
  $ ./config.status 

on DaveiMac

config.status:778: creating Makefile
config.status:935: executing depfiles commands

## ---------------- ##
## Cache variables. ##
## ---------------- ##

ac_cv_c_compiler_gnu=yes
ac_cv_cxx_compiler_gnu=yes
ac_cv_env_CCC_set=
ac_cv_env_CCC_value=
ac_cv_env_CC_set=
ac_cv_env_CC_value=
ac_cv_env_CFLAGS_set=
ac_cv_env_CFLAGS_value=
ac_cv_env_CPPFLAGS_set=
ac_cv_env_CPPFLAGS_value=
ac_cv_env_CXXFLAGS_set=
ac_cv_env_CXXFLAGS_value=
ac_cv_env_CXX_set=
ac_cv_env_CXX_value=
ac_cv_env_LDFLAGS_set=
ac_cv_env_LDFLAGS_value=
ac_cv_env_LIBS_set=
ac_cv_env_LIBS_value=
ac_cv_env_build_alias_set=
ac_cv_env_build_alias_value=
ac_cv_env_host_alias_set=
ac_cv_env_host_alias_value=
ac_cv_env_target_alias_set=
ac_cv_env_target_alias_value=
ac_cv_objext=o
ac_cv_path_install='/usr/bin/install -c'
ac_cv_prog_AWK=gawk
ac_cv_prog_ac_ct_CC=gcc
ac_cv_prog_ac_ct_CXX=g++
ac_cv_prog_cc_c89=
ac_cv_prog_cc_g=yes
ac_cv_prog_cxx_g=yes
ac_cv_prog_make_make_set=yes
am_cv_CC_dependencies_compiler_type=gcc3
am_cv_CXX_dependencies_compiler_type=gcc3
am_cv_make_support_nested_variables=yes
am_cv_prog_cc_c_o=yes

## ----------------- ##
## Output variables. ##
## ----------------- ##

ACLOCAL='${SHELL} /Users/davew/Documents/2017-01-C++/code/lec4/header_make/missing aclocal-1.15'
AMDEPBACKSLASH='\'
AMDEP_FALSE='#'
AMDEP_TRUE=''
AMTAR='$${TAR-tar}'
AM_BACKSLASH='\'
AM_DEFAULT_V='$(AM_DEFAULT_VERBOSITY)'
AM_DEFAULT_VERBOSITY='1'
AM_V='$(V)'
AUTOCONF='${SHELL} /Users/davew/Documents/2017-01-C++/code/lec4/header_make/missing autoconf'
AUTOHEADER='${SHELL} /Users/davew/Documents/2017-01-C++/code/lec4/header_make/missing autoheader'
AUTOMAKE='${SHELL} /Users/davew/Documents/2017-01-C++/code/lec4/header_make/missing automake-1.15'
AWK='gawk'
CC='gcc'
CCDEPMODE='depmode=gcc3'
CFLAGS='-g -O2'
CPPFLAGS=''
CXX='g++'
CXXDEPMODE='depmode=gcc3'
CXXFLAGS='-g -O2'
CYGPATH_W='echo'
DEFS='-DPACKAGE_NAME=\"MyClassProject\" -DPACKAGE_TARNAME=\"myclassproject\" -DPACKAGE_VERSION=\"1.0\" -DPACKAGE_STRING=\"MyClassProject\ 1.0\" -DPACKAGE_BUGREPORT=\"\" -DPACKAGE_URL=\"\" -DPACKAGE=\"myclassproject\" -DVERSION=\"1.0\"'
DEPDIR='.deps'
ECHO_C='\c'
ECHO_N=''
ECHO_T=''
EXEEXT=''
INSTALL_DATA='${INSTALL} -m 644'
INSTALL_PROGRAM='${INSTALL}'
INSTALL_SCRIPT='${INSTALL}'
INSTALL_STRIP_PROGRAM='$(install_sh) -c -s'
LDFLAGS=''
LIBOBJS=''
LIBS=''
LTLIBOBJS=''
MAKEINFO='${SHELL} /Users/davew/Documents/2017-01-C++/code/lec4/header_make/missing makeinfo'
MKDIR_P='../install-sh -c -d'
OBJEXT='o'
PACKAGE='myclassproject'
PACKAGE_BUGREPORT=''
PACKAGE_NAME='MyClassProject'
PACKAGE_STRING='MyClassProject 1.0'
PACKAGE_TARNAME='myclassproject'
PACKAGE_URL=''
PACKAGE_VERSION='1.0'
PATH_SEPARATOR=':'
SET_MAKE=''
SHELL='/bin/sh'
STRIP=''
VERSION='1.0'
ac_ct_CC='gcc'
ac_ct_CXX='g++'
am__EXEEXT_FALSE=''
am__EXEEXT_TRUE='#'
am__fastdepCC_FALSE='#'
am__fastdepCC_TRUE=''
am__fastdepCXX_FALSE='#'
am__fastdepCXX_TRUE=''
am__include='include'
am__isrc=' -I$(srcdir)'
am__leading_dot='.'
am__nodep='_no'
am__quote=''
am__tar='$${TAR-tar} chof - "$$tardir"'
am__untar='$${TAR-tar} xf -'
bindir='${exec_prefix}/bin'
build_alias=''
datadir='${datarootdir}'
datarootdir='${prefix}/share'
docdir='${datarootdir}/doc/${PACKAGE_TARNAME}'
dvidir='${docdir}'
exec_prefix='${prefix}'
host_alias=''
htmldir='${docdir}'
includedir='${prefix}/include'
infodir='${datarootdir}/info'
install_sh='${SHELL} /Users/davew/Documents/2017-01-C++/code/lec4/header_make/install-sh'
libdir='${exec_prefix}/lib'
libexecdir='${exec_prefix}/libexec'
localedir='${datarootdir}/locale'
localstatedir='${prefix}/var'
mandir='${datarootdir}/man'
mkdir_p='$(MKDIR_P)'
oldincludedir='/usr/include'
pdfdir='${docdir}'
prefix='/usr/local'
program_transform_name='s,x,x,'
psdir='${docdir}'
sbindir='${exec_prefix}/sbin'
sharedstatedir='${prefix}/com'
sysconfdir='${prefix}/etc'
target_alias=''

## ----------- ##
## confdefs.h. ##
## ----------- ##

/* confdefs.h */
#define PACKAGE_NAME "MyClassProject"
#define PACKAGE_TARNAME "myclassproject"
#define PACKAGE_VERSION "1.0"
#define PACKAGE_STRING "MyClassProject 1.0"
#define PACKAGE_BUGREPORT ""
#define PACKAGE_URL ""
#define PACKAGE "myclassproject"
#define VERSION "1.0"

configure: exit 0
